*** Life<FredkinCell> 10x10 ***

Generation = 0, Population = 50.
0-0-0-0-0-
-0-0-0-0-0
0-0-0-0-0-
-0-0-0-0-0
0-0-0-0-0-
-0-0-0-0-0
0-0-0-0-0-
-0-0-0-0-0
0-0-0-0-0-
-0-0-0-0-0

Generation = 2, Population = 16.
--------0-
---0-0-0-0
--------0-
-0--------
--------0-
-0--------
--------0-
-0--------
0-0-0-0---
-0--------

Generation = 4, Population = 16.
------0---
---0------
------0---
-0---0-0-0
------0---
---0------
0-0-0---0-
---0------
------0---
---0------

Generation = 6, Population = 20.
----0---0-
-------0-0
----0---0-
-----0----
0-0---0---
---0---0-0
----0-----
-0---0----
0-0-------
-0---0----

Generation = 8, Population = 16.
--0-------
-------0--
0---0-0-0-
-------0--
--0-------
-------0--
--0-------
-0-0-0---0
--0-------
-------0--

Generation = 10, Population = 28.
--0---0-0-
-----0-0-0
0---0---0-
-----0---0
--0---0-0-
-0-0---0--
0---0-----
-0---0---0
0-0-0-----
-0-0---0--

Generation = 12, Population = 20.
--0-0---0-
---0-----0
0---------
-0---0----
0-----0---
---0-----0
----0---0-
---------0
0-----0---
-0---0-0--

Generation = 14, Population = 16.
--------0-
-------0-0
----0-0-0-
-------0--
--0-------
-------0--
--0-------
-0-0-0----
0-0-------
-0--------

Generation = 16, Population = 16.
----0-----
-----0----
----0-----
-----0----
0-0---0-0-
-0-0---0-0
----0-----
-----0----
----0-----
-----0----

Generation = 18, Population = 28.
--0---0---
---0-0-0--
0---0---0-
-0---0---0
--0---0-0-
-0-0---0--
0---0---0-
-0---0---0
--0-0-0---
---0---0--

Generation = 20, Population = 28.
--0-0-0---
---0-0-0--
0-------0-
-0---0---0
0-----0-0-
-0-0-----0
0---0---0-
-0-------0
--0-0-0---
---0-0-0--

*** Life<FredkinCell> 10x10 ***

Generation = 0, Population = 40.
----------
0-0-0-0-0-
-0-0-0-0-0
0-0-0-0-0-
-0-0-0-0-0
0-0-0-0-0-
-0-0-0-0-0
0-0-0-0-0-
-0-0-0-0-0
----------

Generation = 2, Population = 30.
-0-0-0-0-0
0-0-0-0---
---0-0-0-0
--------0-
-0--------
--------0-
-0--------
0-0-0-0---
---0-0-0-0
0-0-0-0-0-

Generation = 4, Population = 26.
----------
------0---
-0---0-0-0
0-0-0---0-
-0---0-0-0
0-0-0---0-
-0---0-0-0
0-0-0---0-
---0------
----------

Generation = 6, Population = 28.
-0---0-0-0
0-0-------
-0-----0-0
0-0---0-0-
-----0----
----0-----
-0-0---0-0
0-0-----0-
-------0-0
0-0-0---0-

Generation = 8, Population = 26.
----------
0---0-0-0-
-0-0-0---0
0---0-0-0-
-------0--
--0-------
-0-0-0---0
0---0-0-0-
-0-0-0---0
----------

Generation = 10, Population = 26.
-0-0-0---0
------0---
-0---0-0-0
--0---0---
-----0---0
0---0-----
---0---0--
0-0-0---0-
---0------
0---0-0-0-

Generation = 12, Population = 34.
-0-0-0-0-0
--0-0-0-0-
-0-0-0----
----0-0-0-
-0---0----
----0---0-
-0-0-0----
----0-0-0-
-0-0-0-0--
0-0-0-0-0-

Generation = 14, Population = 30.
-0-----0-0
0-0-0-0---
-0-0-0---0
----0-0-0-
-------0--
--0-------
-0-0-0----
0---0-0-0-
---0-0-0-0
0-0-----0-

Generation = 16, Population = 14.
----------
----0-----
-----0----
0-0---0-0-
-----0----
----0-----
-0-0---0-0
----0-----
-----0----
----------

Generation = 18, Population = 24.
-----0----
0-------0-
---0-0-0--
--0---0-0-
-0---0---0
0---0---0-
-0-0---0--
--0-0-0---
-0-------0
----0-----

Generation = 20, Population = 22.
----------
0-------0-
---0---0--
0---0-0-0-
-0---0---0
0---0---0-
-0-0-0---0
--0---0---
-0-------0
----------
