*** Life<ConwayCell> 10x10 ***

Generation = 0, Population = 50.
*.*.*.*.*.
.*.*.*.*.*
*.*.*.*.*.
.*.*.*.*.*
*.*.*.*.*.
.*.*.*.*.*
*.*.*.*.*.
.*.*.*.*.*
*.*.*.*.*.
.*.*.*.*.*

Generation = 1, Population = 32.
.********.
*........*
*........*
*........*
*........*
*........*
*........*
*........*
*........*
.********.

Generation = 2, Population = 56.
.********.
*.******.*
**......**
**......**
**......**
**......**
**......**
**......**
*.******.*
.********.

Generation = 3, Population = 24.
.*......*.
*........*
...****...
..*....*..
..*....*..
..*....*..
..*....*..
...****...
*........*
.*......*.

Generation = 4, Population = 32.
..........
....**....
...****...
..*.**.*..
.***..***.
.***..***.
..*.**.*..
...****...
....**....
..........

Generation = 5, Population = 8.
..........
...*..*...
..........
.*......*.
..........
..........
.*......*.
..........
...*..*...
..........
