*** Life<Cell> 10x10 ***

Generation = 0, Population = 50.
0-0-0-0-0-
-0-0-0-0-0
0-0-0-0-0-
-0-0-0-0-0
0-0-0-0-0-
-0-0-0-0-0
0-0-0-0-0-
-0-0-0-0-0
0-0-0-0-0-
-0-0-0-0-0

Generation = 2, Population = 16.
--------0-
---0-0-0-0
--------0-
-0--------
--------0-
-0--------
--------0-
-0--------
0-0-0-0---
-0--------

Generation = 4, Population = 16.
------0---
---0------
------0---
-0---0-0-0
------0---
---0------
0-0-0---0-
---0------
------0---
---0------

Generation = 6, Population = 20.
----0---0-
-------0-0
----0---0-
-----0----
0-0---0---
---0---0-0
----0-----
-0---0----
0-0-------
-0---0----

Generation = 8, Population = 16.
--0-------
-------0--
0---0-0-0-
-------0--
--0-------
-------0--
--0-------
-0-0-0---0
--0-------
-------0--

Generation = 10, Population = 28.
--0---0-0-
-----0-0-0
0---0---0-
-----0---0
--0---0-0-
-0-0---0--
0---0-----
-0---0---0
0-0-0-----
-0-0---0--

Generation = 12, Population = 20.
--0-0---0-
---0-----0
0---------
-0---0----
0-----0---
---0-----0
----0---0-
---------0
0-----0---
-0---0-0--

Generation = 14, Population = 16.
--------0-
-------0-0
----0-0-0-
-------0--
--0-------
-------0--
--0-------
-0-0-0----
0-0-------
-0--------

Generation = 16, Population = 16.
----0-----
-----0----
----0-----
-----0----
0-0---0-0-
-0-0---0-0
----0-----
-----0----
----0-----
-----0----

Generation = 18, Population = 28.
--0---0---
---0-0-0--
0---0---0-
-0---0---0
--0---0-0-
-0-0---0--
0---0---0-
-0---0---0
--0-0-0---
---0---0--

Generation = 20, Population = 28.
--0-0-0---
---0-0-0--
0-------0-
-0---0---0
0-----0-0-
-0-0-----0
0---0---0-
-0-------0
--0-0-0---
---0-0-0--

*** Life<Cell> 9x9 ***

Generation = 0, Population = 17.
0-------0
-0-----0-
--0---0--
---0-0---
----0----
---0-0---
--0---0--
-0-----0-
0-------0

Generation = 1, Population = 4.
---------
---------
---------
----0----
---0-0---
----0----
---------
---------
---------

Generation = 2, Population = 4.
---------
---------
----0----
---------
--0---0--
---------
----0----
---------
---------

Generation = 3, Population = 16.
---------
----0----
---0-0---
--0-0-0--
-0-0-0-0-
--0-0-0--
---0-0---
----0----
---------

Generation = 4, Population = 4.
----0----
---------
---------
---------
0-------0
---------
---------
---------
----0----

Generation = 5, Population = 12.
---0-0---
----0----
---------
0-------0
-0-----0-
0-------0
---------
----0----
---0-0---

Generation = 6, Population = 16.
--0-0-0--
---------
0---0---0
---------
0-0---0-0
---------
0---0---0
---------
--0-0-0--

Generation = 7, Population = 28.
-0-----0-
0-0---0-0
-0-0-0-0-
--0-0-0--
---0-0---
--0-0-0--
-0-0-0-0-
0-0---0-0
-0-----0-

Generation = 8, Population = 4.
---------
---------
----0----
---------
--0---0--
---------
----0----
---------
---------

Generation = 9, Population = 16.
---------
----0----
---0-0---
--0-0-0--
-0-0-0-0-
--0-0-0--
---0-0---
----0----
---------

Generation = 10, Population = 4.
----0----
---------
---------
---------
0-------0
---------
---------
---------
----0----
